JvmtiExport can_access_local_variables 0
JvmtiExport can_hotswap_or_post_breakpoint 0
JvmtiExport can_post_on_exceptions 0
# 240 ciObject found
ciMethod java/lang/Object <init> ()V 4097 1 2695996 0 96
ciMethod java/lang/Object hashCode ()I 2049 1 256 0 -1
ciMethod java/lang/Object equals (Ljava/lang/Object;)Z 2113 1 38959 0 -1
ciMethod java/lang/Object notify ()V 865 1 108 0 -1
ciMethod java/lang/Object notifyAll ()V 2049 1 256 0 -1
ciMethod java/lang/Object wait (J)V 913 1 114 0 -1
ciMethod java/lang/System currentTimeMillis ()J 3073 1 384 0 -1
ciMethod java/util/Map size ()I 0 0 1 0 -1
ciMethod java/util/Map get (Ljava/lang/Object;)Ljava/lang/Object; 0 0 1 0 -1
ciMethod java/util/Map remove (Ljava/lang/Object;)Ljava/lang/Object; 0 0 1 0 -1
ciMethod java/util/Map entrySet ()Ljava/util/Set; 0 0 1 0 -1
ciMethod java/util/Map merge (Ljava/lang/Object;Ljava/lang/Object;Ljava/util/function/BiFunction;)Ljava/lang/Object; 0 0 1 0 -1
ciMethod java/lang/StringBuffer <init> ()V 4097 1 9051 0 -1
ciMethod java/lang/StringBuffer toString ()Ljava/lang/String; 353 1 14448 0 -1
ciMethod sun/misc/Unsafe getAndAddInt (Ljava/lang/Object;JI)I 3137 1 1261 0 -1
ciMethod java/lang/Number <init> ()V 4097 1 37468 0 32
ciMethod java/lang/Integer valueOf (I)Ljava/lang/Integer; 593 1 11814 0 -1
ciMethod java/lang/Integer intValue ()I 1057 1 132 0 -1
ciMethod java/lang/Long valueOf (J)Ljava/lang/Long; 1537 1 2465 0 0
ciMethod java/lang/Long <init> (J)V 2049 1 5824 0 0
ciMethod java/lang/Long longValue ()J 2065 1 3977 0 -1
ciMethod java/util/Set iterator ()Ljava/util/Iterator; 0 0 1 0 -1
ciMethod java/util/HashMap <init> (I)V 345 1 18615 0 -1
ciMethod java/util/Map$Entry getKey ()Ljava/lang/Object; 0 0 1 0 -1
ciMethod java/util/Map$Entry getValue ()Ljava/lang/Object; 0 0 1 0 -1
ciMethod java/util/concurrent/atomic/AtomicInteger get ()I 1105 1 138 0 -1
ciMethod java/util/concurrent/atomic/AtomicInteger addAndGet (I)I 297 1 51 0 0
ciMethodData java/lang/Object <init> ()V 2 2695996 orig 264 104 147 196 116 0 0 0 0 104 4 234 23 0 0 0 0 32 1 0 0 0 0 0 0 0 0 0 0 0 0 0 0 0 0 0 0 0 0 0 0 0 0 0 0 0 0 0 0 0 0 0 0 0 0 0 0 0 0 0 0 0 0 0 0 0 0 0 0 0 0 0 0 0 0 0 0 0 0 0 0 77 68 79 32 101 120 116 114 97 32 100 97 116 97 32 108 111 99 107 0 0 0 0 0 0 0 0 0 0 0 0 0 0 0 0 0 0 0 0 0 0 0 0 0 0 0 0 0 0 0 0 0 0 0 0 0 0 0 0 0 0 0 0 0 0 0 0 0 0 0 0 0 0 0 0 0 0 0 0 0 0 0 0 0 0 0 0 0 0 0 0 0 0 0 0 0 0 0 0 0 0 0 0 0 1 0 0 0 0 0 0 0 1 0 0 0 0 0 0 0 1 0 0 0 0 0 0 0 0 0 0 0 0 0 0 0 0 2 0 0 225 9 73 1 1 0 0 0 0 0 0 0 0 0 0 0 2 0 0 0 0 0 0 0 0 0 0 0 0 0 0 0 255 255 255 255 0 0 0 0 0 0 0 0 data 0 oops 0
ciMethod java/util/Iterator hasNext ()Z 0 0 1 0 -1
ciMethod java/util/Iterator next ()Ljava/lang/Object; 0 0 1 0 -1
ciMethodData java/lang/Number <init> ()V 2 37468 orig 264 104 147 196 116 0 0 0 0 176 144 243 23 0 0 0 0 48 1 0 0 0 0 0 0 0 0 0 0 0 0 0 0 0 0 0 0 0 0 0 0 0 0 0 0 0 0 0 0 0 0 0 0 0 0 0 0 0 0 0 0 0 0 0 0 0 0 0 0 0 0 0 0 0 0 0 0 0 0 0 0 77 68 79 32 101 120 116 114 97 32 100 97 116 97 32 108 111 99 107 0 0 0 0 0 0 0 0 0 0 0 0 0 0 0 0 0 0 0 0 0 0 0 0 0 0 0 0 0 0 0 0 0 0 0 0 0 0 0 0 0 0 0 0 0 0 0 0 0 0 0 0 0 0 0 0 0 0 0 0 0 0 0 0 0 0 0 0 0 0 0 0 0 0 0 0 0 0 0 0 0 0 0 0 0 0 0 0 0 0 0 0 0 0 0 0 0 0 0 0 0 0 0 0 0 0 0 0 0 0 0 0 0 0 0 0 0 0 2 0 0 225 130 4 0 1 0 0 0 0 0 0 0 0 0 0 0 2 0 0 0 0 0 0 0 0 0 0 0 16 0 0 0 255 255 255 255 2 0 1 0 0 0 0 0 data 2 0x10002 0x905c oops 0
ciMethod java/util/concurrent/ConcurrentHashMap spread (I)I 2249 1 36972 0 -1
ciMethod java/util/concurrent/ConcurrentHashMap tabAt ([Ljava/util/concurrent/ConcurrentHashMap$Node;I)Ljava/util/concurrent/ConcurrentHashMap$Node; 2441 1 113821 0 -1
ciMethod java/util/concurrent/ConcurrentHashMap get (Ljava/lang/Object;)Ljava/lang/Object; 3169 169 17822 0 704
ciMethod java/util/concurrent/ConcurrentHashMap$Node find (ILjava/lang/Object;)Ljava/util/concurrent/ConcurrentHashMap$Node; 0 0 1 0 -1
ciMethod java/util/logging/Logger isLoggable (Ljava/util/logging/Level;)Z 2049 1 173609 0 96
ciMethod java/util/logging/Level intValue ()I 1041 1 130 0 0
ciMethod java/util/ResourceBundle getString (Ljava/lang/String;)Ljava/lang/String; 745 1 142 0 -1
ciMethodData java/lang/Long <init> (J)V 2 5824 orig 264 104 147 196 116 0 0 0 0 0 56 244 23 0 0 0 0 64 1 0 0 0 0 0 0 0 0 0 0 0 0 0 0 0 0 0 0 0 0 0 0 0 0 0 0 0 0 0 0 0 0 0 0 0 0 0 0 0 0 0 0 0 0 0 0 0 0 0 0 0 0 0 0 0 0 0 0 0 0 0 0 77 68 79 32 101 120 116 114 97 32 100 97 116 97 32 108 111 99 107 0 0 0 0 0 0 0 0 0 0 0 0 0 0 0 0 0 0 0 0 0 0 0 0 0 0 0 0 0 0 0 0 0 0 0 0 0 0 0 0 0 0 0 0 0 0 0 0 0 0 0 0 0 0 0 0 0 0 0 0 0 0 0 0 0 0 0 0 0 0 0 0 0 0 0 0 0 0 0 0 0 0 0 0 0 0 0 0 0 0 0 0 0 0 0 0 0 0 0 0 0 0 0 0 0 0 0 0 0 0 0 0 0 0 0 0 0 0 1 0 0 1 174 0 0 1 0 0 0 0 0 0 0 0 0 0 0 2 0 0 0 0 0 3 0 2 0 0 0 16 0 0 0 255 255 255 255 2 0 1 0 0 0 0 0 data 2 0x10002 0x15c0 oops 0
ciMethod org/apache/juli/logging/Log isDebugEnabled ()Z 0 0 1 0 -1
ciMethod org/apache/juli/logging/Log isTraceEnabled ()Z 0 0 1 0 -1
ciMethod org/apache/juli/logging/Log debug (Ljava/lang/Object;)V 0 0 1 0 -1
ciMethod org/apache/juli/logging/Log warn (Ljava/lang/Object;)V 0 0 1 0 -1
ciMethod org/apache/juli/logging/Log warn (Ljava/lang/Object;Ljava/lang/Throwable;)V 0 0 1 0 -1
ciMethod org/apache/juli/logging/DirectJDKLog isDebugEnabled ()Z 2065 1 149379 0 128
ciMethod java/lang/invoke/LambdaForm$MH linkToTargetMethod (Ljava/lang/Object;)Ljava/lang/Object; 3073 1 425 0 -1
ciMethodData org/apache/juli/logging/DirectJDKLog isDebugEnabled ()Z 2 149379 orig 264 104 147 196 116 0 0 0 0 216 117 42 24 0 0 0 0 120 1 0 0 0 0 0 0 0 0 0 0 0 0 0 0 0 0 0 0 0 0 0 0 0 0 0 0 0 0 0 0 0 0 0 0 0 0 0 0 0 0 0 0 0 0 0 0 0 0 0 0 0 0 0 0 0 0 0 0 0 0 0 0 77 68 79 32 101 120 116 114 97 32 100 97 116 97 32 108 111 99 107 0 0 0 0 0 0 0 0 0 0 0 0 0 0 0 0 0 0 0 0 0 0 0 0 0 0 0 0 0 0 0 0 0 0 0 0 0 0 0 0 0 0 0 0 0 0 0 0 0 0 0 0 0 0 0 0 0 0 0 0 0 0 0 0 0 0 0 0 0 0 0 0 0 0 0 0 0 0 0 0 0 0 0 0 0 0 0 0 0 0 0 0 0 0 0 0 0 0 0 0 0 0 0 0 0 0 0 0 0 0 0 0 0 0 0 0 0 2 1 0 0 9 52 18 0 1 0 0 0 0 0 0 0 0 0 0 0 2 0 0 0 0 0 9 0 2 0 0 0 48 0 0 0 255 255 255 255 5 0 7 0 0 0 0 0 data 6 0x70005 0x0 0x1c299340 0x24681 0x0 0x0 oops 1 2 java/util/logging/Logger
ciMethod org/apache/tomcat/util/res/StringManager getString (Ljava/lang/String;)Ljava/lang/String; 233 1 54 0 0
ciMethod org/apache/tomcat/util/res/StringManager getString (Ljava/lang/String;[Ljava/lang/Object;)Ljava/lang/String; 233 1 47 0 0
ciMethod org/apache/tomcat/util/ExceptionUtils handleThrowable (Ljava/lang/Throwable;)V 0 0 13 0 0
ciMethod java/text/MessageFormat <init> (Ljava/lang/String;)V 1001 1 125 0 -1
ciMethod java/text/MessageFormat setLocale (Ljava/util/Locale;)V 969 1 121 0 -1
ciMethod java/text/MessageFormat format ([Ljava/lang/Object;Ljava/lang/StringBuffer;Ljava/text/FieldPosition;)Ljava/lang/StringBuffer; 969 1 121 0 -1
ciMethod org/apache/tomcat/util/net/AbstractEndpoint getMaxConnections ()I 41 1 5 0 -1
ciMethod org/apache/tomcat/util/net/AbstractEndpoint getConnectionTimeout ()I 2049 1 15614 0 64
ciMethod org/apache/tomcat/util/net/AbstractEndpoint processSocket (Lorg/apache/tomcat/util/net/SocketWrapperBase;Lorg/apache/tomcat/util/net/SocketEvent;Z)Z 17 1 53 0 -1
ciMethod org/apache/tomcat/util/net/AprEndpoint allocatePoller (IJI)J 81 1 10 0 -1
ciMethod org/apache/tomcat/util/net/AprEndpoint processSocket (JLorg/apache/tomcat/util/net/SocketEvent;)Z 305 1 53 0 0
ciMethod org/apache/tomcat/util/net/AprEndpoint closeSocket (J)V 305 1 53 0 0
ciMethod org/apache/tomcat/util/net/AprEndpoint getLog ()Lorg/apache/juli/logging/Log; 337 1 57 0 0
ciMethod org/apache/tomcat/util/net/AprEndpoint access$000 ()Lorg/apache/juli/logging/Log; 169 1 374 0 0
ciMethod org/apache/tomcat/util/net/AprEndpoint access$100 (Lorg/apache/tomcat/util/net/AprEndpoint;J)V 305 1 53 0 -1
ciMethod org/apache/tomcat/util/net/AprEndpoint access$200 (Lorg/apache/tomcat/util/net/AprEndpoint;)Ljava/util/Map; 729 1 91 0 0
ciMethod org/apache/tomcat/util/net/AprEndpoint access$400 (Lorg/apache/tomcat/util/net/AprEndpoint;J)V 305 1 53 0 0
ciMethod org/apache/tomcat/util/net/SocketWrapperBase close ()V 305 1 53 0 -1
ciMethod org/apache/tomcat/util/net/AprEndpoint$AprSocketWrapper access$302 (Lorg/apache/tomcat/util/net/AprEndpoint$AprSocketWrapper;I)I 617 1 107 0 0
ciMethod org/apache/tomcat/util/net/AprEndpoint$AprSocketWrapper access$300 (Lorg/apache/tomcat/util/net/AprEndpoint$AprSocketWrapper;)I 1025 1 128 0 0
ciMethod org/apache/tomcat/util/net/SocketProperties getSoTimeout ()I 2049 1 15669 0 0
ciMethod org/apache/tomcat/util/net/AprEndpoint$Poller add (JJI)V 313 1 54 0 0
ciMethod org/apache/tomcat/util/net/AprEndpoint$Poller addToPoller (JI)Z 313 1 54 0 -1
ciMethod org/apache/tomcat/util/net/AprEndpoint$Poller removeFromPoller (J)V 617 5545 107 0 -1
ciMethod org/apache/tomcat/util/net/AprEndpoint$Poller maintain ()V 2049 1 5377 0 1376
ciMethod org/apache/tomcat/util/net/AprEndpoint$Poller run ()V 9 483393 1 0 -1
ciMethod org/apache/tomcat/util/net/AprEndpoint$Poller mergeDescriptors ([JI)I 297 609 51 0 0
ciMethodData java/util/logging/Logger isLoggable (Ljava/util/logging/Level;)Z 2 173609 orig 264 104 147 196 116 0 0 0 0 88 223 21 24 0 0 0 0 192 1 0 0 0 0 0 0 0 0 0 0 0 0 0 0 0 0 0 0 0 0 0 0 0 0 0 0 0 0 0 0 0 0 0 0 0 0 0 0 0 0 0 0 0 0 0 0 0 0 0 0 0 0 0 0 0 0 0 0 0 0 0 0 77 68 79 32 101 120 116 114 97 32 100 97 116 97 32 108 111 99 107 0 0 0 0 0 0 0 0 0 0 0 0 0 0 0 0 0 0 0 0 0 0 0 0 0 0 0 0 0 0 0 0 0 0 0 0 0 0 0 0 0 0 0 0 0 0 0 0 0 0 0 0 0 0 0 0 0 0 0 0 0 0 0 0 0 0 0 0 0 0 0 0 0 0 0 0 0 0 0 0 0 0 0 0 0 1 0 0 0 0 0 0 0 0 0 0 0 0 0 0 0 3 0 0 0 0 0 0 0 0 0 0 0 0 0 0 0 0 1 0 0 73 41 21 0 1 0 0 0 0 0 0 0 0 0 0 0 2 0 0 0 0 0 8 0 2 0 0 0 112 0 0 0 255 255 255 255 5 0 1 0 0 0 0 0 data 14 0x10005 0x0 0x1c299500 0x2a529 0x0 0x0 0x80007 0x2a441 0x40 0xe9 0x120007 0xe9 0x20 0x0 oops 1 2 java/util/logging/Level
ciMethodData java/lang/Long valueOf (J)Ljava/lang/Long; 2 2465 orig 264 104 147 196 116 0 0 0 0 216 53 244 23 0 0 0 0 120 1 0 0 32 0 0 0 0 0 0 0 0 0 0 0 0 0 0 0 0 0 0 0 0 0 0 0 0 0 0 0 0 0 0 0 0 0 0 0 0 0 0 0 0 0 0 0 0 0 0 0 0 0 0 0 0 0 0 0 0 0 0 0 77 68 79 32 101 120 116 114 97 32 100 97 116 97 32 108 111 99 107 0 0 0 0 0 0 0 0 0 0 0 0 0 0 0 0 0 0 0 0 0 0 0 0 0 0 0 0 0 0 0 0 0 0 0 0 0 0 0 0 0 0 0 0 0 0 0 0 0 0 0 0 0 0 0 0 0 0 0 0 0 0 0 0 0 0 0 0 0 0 0 0 0 0 0 0 0 0 0 0 0 0 0 0 0 0 0 0 0 0 0 0 0 0 0 0 0 0 0 0 0 0 0 0 0 0 0 0 0 0 0 0 0 0 0 0 0 192 0 0 0 9 71 0 0 1 0 0 0 0 0 0 0 0 0 0 0 2 0 0 0 0 0 8 0 2 0 0 0 80 0 0 0 255 255 255 255 7 0 5 0 0 0 0 0 data 10 0x50007 0x0 0x40 0x8e1 0xd0007 0x69c 0x20 0x245 0x200002 0x69c oops 0
ciMethod org/apache/tomcat/util/net/AprEndpoint$SocketTimeouts add (JJ)V 313 1 54 0 -1
ciMethod org/apache/tomcat/util/net/AprEndpoint$SocketTimeouts remove (J)J 1233 849 214 0 0
ciMethod org/apache/tomcat/util/net/AprEndpoint$SocketTimeouts check (J)J 41 1 77 0 0
ciMethod org/apache/tomcat/jni/Poll destroy (J)I 0 0 1 0 -1
ciMethod org/apache/tomcat/jni/Poll poll (JJ[JZ)I 2049 1 256 0 -1
ciMethod org/apache/tomcat/jni/Poll pollset (J[J)I 0 0 1 0 -1
ciMethod org/apache/tomcat/util/net/AprEndpoint$SocketList <init> (I)V 33 1 4 0 -1
ciMethod org/apache/tomcat/util/net/AprEndpoint$SocketList size ()I 1033 1 129 0 -1
ciMethod org/apache/tomcat/util/net/AprEndpoint$SocketList get ()Lorg/apache/tomcat/util/net/AprEndpoint$SocketInfo; 1193 1 208 0 -1
ciMethod org/apache/tomcat/util/net/AprEndpoint$SocketList clear ()V 2049 1 21756 0 -1
ciMethod org/apache/tomcat/util/net/AprEndpoint$SocketList add (JJI)Z 857 49 107 0 -1
ciMethod org/apache/tomcat/util/net/AprEndpoint$SocketList remove (J)Z 305 9 53 0 -1
ciMethod org/apache/tomcat/util/net/AprEndpoint$SocketList duplicate (Lorg/apache/tomcat/util/net/AprEndpoint$SocketList;)V 577 1 101 0 -1
ciMethod org/apache/tomcat/util/net/AprEndpoint$SocketInfo read ()Z 625 1 108 0 -1
ciMethod org/apache/tomcat/util/net/AprEndpoint$SocketInfo write ()Z 313 1 54 0 -1
ciMethod org/apache/tomcat/util/net/SocketWrapperBase$OperationState process ()Z 0 0 1 0 -1
ciMethodData org/apache/tomcat/util/net/SocketProperties getSoTimeout ()I 2 15669 orig 264 104 147 196 116 0 0 0 0 120 134 98 24 0 0 0 0 120 1 0 0 0 0 0 0 0 0 0 0 0 0 0 0 0 0 0 0 0 0 0 0 0 0 0 0 0 0 0 0 0 0 0 0 0 0 0 0 0 0 0 0 0 0 0 0 0 0 0 0 0 0 0 0 0 0 0 0 0 0 0 0 77 68 79 32 101 120 116 114 97 32 100 97 116 97 32 108 111 99 107 0 0 0 0 0 0 0 0 0 0 0 0 0 0 0 0 0 0 0 0 0 0 0 0 0 0 0 0 0 0 0 0 0 0 0 0 0 0 0 0 0 0 0 0 0 0 0 0 0 0 0 0 0 0 0 0 0 0 0 0 0 0 0 0 0 0 0 0 0 0 0 0 0 0 0 0 0 0 0 0 0 0 0 0 0 0 0 0 0 0 0 0 0 0 0 0 0 0 0 0 0 0 0 0 0 0 0 0 0 0 0 0 0 0 0 0 0 0 1 0 0 169 225 1 0 1 0 0 0 0 0 0 0 0 0 0 0 2 0 0 0 0 0 3 0 2 0 0 0 48 0 0 0 255 255 255 255 5 0 4 0 0 0 0 0 data 6 0x40005 0x0 0x19f736b0 0x3c35 0x0 0x0 oops 1 2 java/lang/Integer
ciMethodData org/apache/tomcat/util/net/AbstractEndpoint getConnectionTimeout ()I 2 15615 orig 264 104 147 196 116 0 0 0 0 64 222 96 24 0 0 0 0 120 1 0 0 0 0 0 0 0 0 0 0 0 0 0 0 0 0 0 0 0 0 0 0 0 0 0 0 0 0 0 0 0 0 0 0 0 0 0 0 0 0 0 0 0 0 0 0 0 0 0 0 0 0 0 0 0 0 0 0 0 0 0 0 77 68 79 32 101 120 116 114 97 32 100 97 116 97 32 108 111 99 107 0 0 0 0 0 0 0 0 0 0 0 0 0 0 0 0 0 0 0 0 0 0 0 0 0 0 0 0 0 0 0 0 0 0 0 0 0 0 0 0 0 0 0 0 0 0 0 0 0 0 0 0 0 0 0 0 0 0 0 0 0 0 0 0 0 0 0 0 0 0 0 0 0 0 0 0 0 0 0 0 0 0 0 0 0 0 0 0 0 0 0 0 0 0 0 0 0 0 0 0 0 0 0 0 0 0 0 0 0 0 0 0 0 0 0 0 0 0 1 0 0 249 223 1 0 1 0 0 0 0 0 0 0 0 0 0 0 2 0 0 0 0 0 3 0 2 0 0 0 48 0 0 0 255 255 255 255 5 0 4 0 0 0 0 0 data 6 0x40005 0x0 0x1c0a3130 0x3bff 0x0 0x0 oops 1 2 org/apache/tomcat/util/net/SocketProperties
ciMethodData org/apache/tomcat/util/net/AprEndpoint$Poller maintain ()V 2 5377 orig 264 104 147 196 116 0 0 0 0 64 139 104 24 0 0 0 0 32 5 0 0 48 0 0 0 0 0 0 0 0 0 0 0 0 0 0 0 0 0 0 0 0 0 0 0 0 0 0 0 0 0 0 0 0 0 0 0 0 0 0 0 0 0 0 0 0 0 0 0 0 0 0 0 0 0 0 0 0 0 0 0 77 68 79 32 101 120 116 114 97 32 100 97 116 97 32 108 111 99 107 0 0 0 0 0 0 0 0 0 0 0 0 0 0 0 0 0 0 0 0 0 0 0 0 0 0 0 0 0 0 0 0 0 0 0 0 0 0 0 0 0 0 0 0 0 0 0 0 0 0 0 0 0 0 0 0 0 0 0 0 0 0 0 0 0 0 0 0 0 0 0 0 0 0 0 0 0 0 0 0 0 0 0 0 0 0 0 0 0 0 0 0 0 0 0 0 0 0 0 0 0 0 0 0 0 0 0 0 0 0 0 0 0 0 0 0 0 0 1 0 0 9 160 0 0 1 0 0 0 0 0 0 0 0 0 0 0 2 0 0 0 1 0 35 0 2 0 0 0 216 3 0 0 255 255 255 255 2 0 0 0 0 0 0 0 data 123 0x2 0x1401 0xe0007 0xc 0x20 0x13f5 0x1c0005 0x0 0x20b276b0 0xc 0x0 0x0 0x230007 0xc 0x378 0x0 0x260002 0x0 0x290005 0x0 0x0 0x0 0x0 0x0 0x2e0007 0x0 0xd0 0x0 0x310002 0x0 0x400002 0x0 0x430004 0x0 0x0 0x0 0x0 0x0 0x440005 0x0 0x0 0x0 0x0 0x0 0x470005 0x0 0x0 0x0 0x0 0x0 0x500002 0x0 0x540002 0x0 0x570005 0x0 0x0 0x0 0x0 0x0 0x5c0004 0x0 0x0 0x0 0x0 0x0 0x630007 0x0 0x180 0x0 0x6c0002 0x0 0x6f0005 0x0 0x0 0x0 0x0 0x0 0x770007 0x0 0x40 0x0 0x7f0007 0x0 0xd0 0x0 0x870007 0x0 0x68 0x0 0x8f0005 0x0 0x0 0x0 0x0 0x0 0x930003 0x0 0x90 0x9b0005 0x0 0x0 0x0 0x0 0x0 0x9f0003 0x0 0x48 0xac0005 0x0 0x0 0x0 0x0 0x0 0xb50005 0x0 0x0 0x0 0x0 0x0 0xb90003 0x0 0xfffffffffffffca0 oops 1 8 org/apache/tomcat/util/net/AprEndpoint$SocketTimeouts
ciMethodData org/apache/tomcat/util/net/AprEndpoint access$000 ()Lorg/apache/juli/logging/Log; 2 374 orig 264 104 147 196 116 0 0 0 0 168 105 97 24 0 0 0 0 24 1 0 0 0 0 0 0 0 0 0 0 0 0 0 0 0 0 0 0 0 0 0 0 0 0 0 0 0 0 0 0 0 0 0 0 0 0 0 0 0 0 0 0 0 0 0 0 0 0 0 0 0 0 0 0 0 0 0 0 0 0 0 0 77 68 79 32 101 120 116 114 97 32 100 97 116 97 32 108 111 99 107 0 0 0 0 0 0 0 0 0 0 0 0 0 0 0 0 0 0 0 0 0 0 0 0 0 0 0 0 0 0 0 0 0 0 0 0 0 0 0 0 0 0 0 0 0 0 0 0 0 0 0 0 0 0 0 0 0 0 0 0 0 0 0 0 0 0 0 0 0 0 0 0 0 0 0 0 0 0 0 0 0 0 0 0 0 0 0 0 0 0 0 0 0 0 0 0 0 0 0 0 0 0 0 0 0 0 0 0 0 0 0 0 0 0 0 0 0 21 0 0 0 9 11 0 0 1 0 0 0 0 0 0 0 0 0 0 0 2 0 0 0 0 0 3 0 1 0 0 0 0 0 0 0 255 255 255 255 0 0 0 0 0 0 0 0 data 0 oops 0
ciMethodData org/apache/tomcat/util/net/AprEndpoint$Poller run ()V 2 166921 orig 264 104 147 196 116 0 0 0 0 120 150 104 24 0 0 0 0 208 29 0 0 16 14 0 0 0 0 0 0 0 0 0 0 0 0 0 0 0 0 0 0 0 0 0 0 0 0 0 0 0 0 0 0 0 0 0 0 0 0 0 0 0 0 0 0 0 0 0 0 0 0 0 0 0 0 0 0 0 0 0 0 77 68 79 32 101 120 116 114 97 32 100 97 116 97 32 108 111 99 107 0 0 0 0 0 0 0 0 0 0 0 0 0 0 0 0 0 0 0 0 0 0 0 0 0 0 0 0 0 0 0 0 0 0 0 0 0 0 0 0 0 0 0 0 0 1 0 0 0 0 0 0 0 0 0 0 0 0 0 0 0 0 0 0 0 0 0 0 0 0 0 0 0 0 0 0 0 0 0 0 1 0 0 0 0 0 0 0 0 0 0 0 0 0 0 0 0 0 0 0 0 0 0 0 0 0 0 0 0 0 0 0 0 0 0 0 0 8 236 0 0 1 0 0 0 9 0 13 0 0 0 0 0 0 228 0 0 2 0 0 0 6 0 99 1 2 0 0 0 48 28 0 0 255 255 255 255 5 0 8 0 0 0 0 0 data 902 0x80005 0x0 0x0 0x0 0x0 0x0 0xb0002 0x0 0x170005 0x0 0x0 0x0 0x0 0x0 0x1a0002 0x0 0x220007 0x0 0x1b68 0x292d 0x290007 0x0 0x380 0x293b 0x300005 0x13d 0x20b273f0 0x27fe 0x0 0x0 0x340007 0x2924 0x330 0x17 0x3b0005 0x0 0x20b274a0 0x17 0x0 0x0 0x3f0007 0x5 0x2e0 0x12 0x460005 0x0 0x20b274a0 0x12 0x0 0x0 0x4a0007 0x4 0x290 0xe 0x510005 0x0 0x20b27550 0xe 0x0 0x0 0x540007 0x0 0x50 0xe 0x5b0007 0x0 0x30 0xe 0x5f0002 0xe 0x6a0007 0x0 0xf0 0xe 0x710005 0x0 0x20b274a0 0xe 0x0 0x0 0x750007 0x0 0xa0 0xe 0x7c0005 0x0 0x20b274a0 0xe 0x0 0x0 0x800007 0x0 0x50 0xe 0x870005 0xe 0x0 0x0 0x0 0x0 0x8c0003 0xe 0x18 0x960003 0xe 0xfffffffffffffd68 0x9a0003 0x0 0xfffffffffffffd50 0x9f0002 0x0 0xa60005 0x0 0x0 0x0 0x0 0x0 0xae0005 0x0 0x0 0x0 0x0 0x0 0xb10005 0x0 0x0 0x0 0x0 0x0 0xb60003 0x0 0xfffffffffffffc98 0xbd0007 0x292d 0x38 0x0 0xc00003 0x0 0x17a8 0xcb0005 0x0 0x20b274a0 0x292d 0x0 0x0 0xce0007 0x291e 0x98 0xf 0xd60005 0x0 0x20b274a0 0xf 0x0 0x0 0xdd0005 0x0 0x20b274a0 0xf 0x0 0x0 0xe00003 0xf 0x48 0xe40005 0x0 0x20b274a0 0x291e 0x0 0x0 0xe90003 0x292d 0x18 0xfb0005 0x0 0x20b274a0 0x292d 0x0 0x0 0xfe0007 0x291f 0x98 0xe 0x1060005 0x0 0x20b274a0 0xe 0x0 0x0 0x10d0005 0x0 0x20b274a0 0xe 0x0 0x0 0x1100003 0xe 0x48 0x1140005 0x0 0x20b274a0 0x291f 0x0 0x0 0x1190003 0x292d 0x18 0x1240005 0x0 0x20b274a0 0x292d 0x0 0x0 0x1270007 0x291e 0x108 0xf 0x12b0005 0x0 0x20b274a0 0xf 0x0 0x0 0x1300007 0xf 0xb8 0xf 0x1380005 0x0 0x20b274a0 0xf 0x0 0x0 0x1410002 0xf 0x14c0002 0xf 0x1500005 0x0 0x20b274a0 0xf 0x0 0x0 0x1540003 0xf 0xffffffffffffff60 0x1580005 0x0 0x20b274a0 0x292d 0x0 0x0 0x15b0007 0x291f 0x5c8 0xe 0x15f0005 0x0 0x20b274a0 0xe 0x0 0x0 0x1640007 0xe 0x578 0xf 0x1670002 0xf 0x16a0005 0x0 0x20b27600 0xf 0x0 0x0 0x16f0007 0xf 0xd0 0x0 0x1720002 0x0 0x1840002 0x0 0x1870004 0x0 0x0 0x0 0x0 0x0 0x1880005 0x0 0x0 0x0 0x0 0x0 0x18b0005 0x0 0x0 0x0 0x0 0x0 0x1980005 0x0 0x20b276b0 0xf 0x0 0x0 0x1a00002 0xf 0x1a70002 0xf 0x1aa0005 0x0 0x20b27760 0xf 0x0 0x0 0x1af0004 0x0 0x20b27810 0xf 0x0 0x0 0x1b60007 0x0 0x350 0xf 0x1ba0005 0x0 0x20b278c0 0xf 0x0 0x0 0x1bd0007 0xf 0x70 0x0 0x1c10005 0x0 0x0 0x0 0x0 0x0 0x1c40007 0x0 0x1e0 0x0 0x1cb0002 0xf 0x1cf0005 0x0 0x20b278c0 0xf 0x0 0x0 0x1d20007 0x0 0x38 0xf 0x1d60003 0xf 0x18 0x1dc0005 0x0 0x20b278c0 0xf 0x0 0x0 0x1df0007 0xf 0x38 0x0 0x1e30003 0x0 0x18 0x1e80002 0xf 0x1f10002 0xf 0x1fb0002 0xf 0x1fe0002 0xf 0x2010007 0xf 0x48 0x0 0x20c0002 0x0 0x20f0003 0x0 0x140 0x21a0002 0xf 0x2220005 0x0 0x20b276b0 0xf 0x0 0x0 0x2250003 0xf 0xe8 0x2300002 0x0 0x2370005 0x0 0x0 0x0 0x0 0x0 0x2460004 0x0 0x0 0x0 0x0 0x0 0x2470005 0x0 0x0 0x0 0x0 0x0 0x24a0005 0x0 0x0 0x0 0x0 0x0 0x2500005 0x0 0x20b274a0 0xf 0x0 0x0 0x2540003 0xf 0xfffffffffffffaa0 0x25f0007 0x292d 0xc38 0x17298 0x2720007 0x1496f 0x48 0x2929 0x2850002 0x2929 0x2920003 0x2928 0x18 0x2a4e007 0x1728a 0x968 0xe 0x2ae0002 0xe 0x2c50005 0x7 0x20b273f0 0x7 0x0 0x0 0x2d00007 0xe 0x8f0 0xf 0x2d70005 0x0 0x20b27550 0xf 0x0 0x0 0x2da0005 0x0 0x20b27600 0xf 0x0 0x0 0x2df0007 0xf 0x110 0x0 0x2e20002 0x0 0x2fb0002 0x0 0x2fe0004 0x0 0x0 0x0 0x0 0x0 0x30a0002 0x0 0x30d0004 0x0 0x0 0x0 0x0 0x0 0x30e0005 0x0 0x0 0x0 0x0 0x0 0x3110005 0x0 0x0 0x0 0x0 0x0 0x3250005 0x0 0x20b276b0 0xf 0x0 0x0 0x32e0002 0xf 0x33c0002 0xf 0x33f0005 0x0 0x20b27760 0xf 0x0 0x0 0x3440004 0x0 0x20b27810 0xf 0x0 0x0 0x34b0007 0xf 0x38 0x0 0x34e0003 0x0 0x678 0x3550002 0xf 0x3650002 0xf 0x37a0007 0x1 0x60 0xe 0x38e0007 0x0 0x40 0xe 0x3a20007 0xe 0x2c8 0x0 0x3b20007 0x1 0x98 0x0 0x3c70005 0x0 0x0 0x0 0x0 0x0 0x3ca0007 0x0 0x590 0x0 0x3dc0002 0x0 0x3df0003 0x0 0x560 0x3f30007 0x1 0x98 0x0 0x4080005 0x0 0x0 0x0 0x0 0x0 0x40b0007 0x0 0x4f8 0x0 0x41d0002 0x0 0x4200003 0x0 0x4c8 0x4250002 0x1 0x42b0007 0x0 0x98 0x1 0x4400005 0x0 0x20b27550 0x1 0x0 0x0 0x4430007 0x1 0x450 0x0 0x4550002 0x0 0x4580003 0x0 0x420 0x45d0002 0x0 0x4630007 0x0 0x98 0x0 0x4780005 0x0 0x0 0x0 0x0 0x0 0x47b0007 0x0 0x3a8 0x0 0x48d0002 0x0 0x4900003 0x0 0x378 0x4a20002 0x0 0x4a50003 0x0 0x350 0x4b50007 0xe 0x40 0x0 0x4c90007 0x0 0x238 0x0 0x4dc0007 0x0 0x80 0xe 0x4f10005 0x0 0x20b27550 0xe 0x0 0x0 0x4f40007 0xe 0x30 0x0 0x5090002 0x0 0x50e0007 0x0 0xa0 0xe 0x5220007 0xe 0x80 0x0 0x5370005 0x0 0x0 0x0 0x0 0x0 0x53a0007 0x0 0x30 0x0 0x54f0002 0x0 0x5540007 0x0 0xe0 0xe 0x5590002 0xe 0x55c0007 0xe 0xb0 0x0 0x5630007 0x0 0x30 0x0 0x5680002 0x0 0x5720007 0x0 0x20 0x0 0x57e0007 0x0 0x20 0x0 0x5980002 0x0 0x59b0002 0x0 0x59e0003 0xe 0xf8 0x5a50005 0x0 0x0 0x0 0x0 0x0 0x5bc0002 0x0 0x5bf0004 0x0 0x0 0x0 0x0 0x0 0x5c00005 0x0 0x0 0x0 0x0 0x0 0x5c30005 0x0 0x0 0x0 0x0 0x0 0x5d70002 0x0 0x5dd0003 0xf 0xfffffffffffff728 0x5e00003 0xe 0x1a8 0x5e50007 0x1496f 0x190 0x291b 0x5f10007 0x291b 0x170 0x0 0x5f80007 0x0 0x150 0x0 0x5ff0007 0x0 0x20 0x0 0x60d0005 0x0 0x0 0x0 0x0 0x0 0x61d0002 0x0 0x6200004 0x0 0x0 0x0 0x0 0x0 0x6250002 0x0 0x6280004 0x0 0x0 0x0 0x0 0x0 0x6290005 0x0 0x0 0x0 0x0 0x0 0x62c0005 0x0 0x0 0x0 0x0 0x0 0x6360007 0x17298 0xc0 0x0 0x63d0007 0x0 0xa0 0x0 0x64a0002 0x0 0x65c0005 0x0 0x0 0x0 0x0 0x0 0x6720005 0x0 0x0 0x0 0x0 0x0 0x67c0002 0x0 0x68b0003 0x17298 0xfffffffffffff3e0 0x68e0003 0x292d 0xb8 0x6930002 0x0 0x69a0005 0x0 0x0 0x0 0x0 0x0 0x6a20005 0x0 0x0 0x0 0x0 0x0 0x6a60005 0x0 0x0 0x0 0x0 0x0 0x6af0005 0x0 0x20b27550 0x292d 0x0 0x0 0x6b20007 0x0 0x50 0x292d 0x6b90007 0x0 0x30 0x292d 0x6bd0002 0x292d 0x6c00003 0x292d 0xffffffffffffe568 0x6c50002 0x0 0x6cc0005 0x0 0x0 0x0 0x0 0x0 0x6d40005 0x0 0x0 0x0 0x0 0x0 0x6d80005 0x0 0x0 0x0 0x0 0x0 0x6dd0003 0x0 0xffffffffffffe4b0 0x6e50005 0x0 0x0 0x0 0x0 0x0 0x6ea0003 0x0 0x18 oops 38 26 java/util/concurrent/atomic/AtomicInteger 36 org/apache/tomcat/util/net/AprEndpoint$SocketList 46 org/apache/tomcat/util/net/AprEndpoint$SocketList 56 org/apache/tomcat/util/net/AprEndpoint 76 org/apache/tomcat/util/net/AprEndpoint$SocketList 86 org/apache/tomcat/util/net/AprEndpoint$SocketList 141 org/apache/tomcat/util/net/AprEndpoint$SocketList 151 org/apache/tomcat/util/net/AprEndpoint$SocketList 157 org/apache/tomcat/util/net/AprEndpoint$SocketList 166 org/apache/tomcat/util/net/AprEndpoint$SocketList 175 org/apache/tomcat/util/net/AprEndpoint$SocketList 185 org/apache/tomcat/util/net/AprEndpoint$SocketList 191 org/apache/tomcat/util/net/AprEndpoint$SocketList 200 org/apache/tomcat/util/net/AprEndpoint$SocketList 209 org/apache/tomcat/util/net/AprEndpoint$SocketList 219 org/apache/tomcat/util/net/AprEndpoint$SocketList 229 org/apache/tomcat/util/net/AprEndpoint$SocketList 239 org/apache/tomcat/util/net/AprEndpoint$SocketList 248 org/apache/tomcat/util/net/AprEndpoint$SocketList 258 org/apache/tomcat/util/net/AprEndpoint$SocketList 270 org/apache/juli/logging/DirectJDKLog 302 org/apache/tomcat/util/net/AprEndpoint$SocketTimeouts 312 java/util/concurrent/ConcurrentHashMap 318 org/apache/tomcat/util/net/AprEndpoint$AprSocketWrapper 328 org/apache/tomcat/util/net/AprEndpoint$SocketInfo 350 org/apache/tomcat/util/net/AprEndpoint$SocketInfo 363 org/apache/tomcat/util/net/AprEndpoint$SocketInfo 395 org/apache/tomcat/util/net/AprEndpoint$SocketTimeouts 430 org/apache/tomcat/util/net/AprEndpoint$SocketList 458 java/util/concurrent/atomic/AtomicInteger 468 org/apache/tomcat/util/net/AprEndpoint 474 org/apache/juli/logging/DirectJDKLog 514 org/apache/tomcat/util/net/AprEndpoint$SocketTimeouts 524 java/util/concurrent/ConcurrentHashMap 530 org/apache/tomcat/util/net/AprEndpoint$AprSocketWrapper 603 org/apache/tomcat/util/net/AprEndpoint 656 org/apache/tomcat/util/net/AprEndpoint 853 org/apache/tomcat/util/net/AprEndpoint
ciMethodData org/apache/tomcat/util/net/AprEndpoint getLog ()Lorg/apache/juli/logging/Log; 1 57 orig 264 104 147 196 116 0 0 0 0 120 102 97 24 0 0 0 0 32 1 0 0 0 0 0 0 0 0 0 0 0 0 0 0 0 0 0 0 0 0 0 0 0 0 0 0 0 0 0 0 0 0 0 0 0 0 0 0 0 0 0 0 0 0 0 0 0 0 0 0 0 0 0 0 0 0 0 0 0 0 0 0 77 68 79 32 101 120 116 114 97 32 100 97 116 97 32 108 111 99 107 0 0 0 0 0 0 0 0 0 0 0 0 0 0 0 0 0 0 0 0 0 0 0 0 0 0 0 0 0 0 0 0 0 0 0 0 0 0 0 0 0 0 0 0 0 0 0 0 0 0 0 0 0 0 0 0 0 0 0 0 0 0 0 0 0 0 0 0 0 0 0 0 0 0 0 0 0 0 0 0 0 0 0 0 0 0 0 0 0 0 0 0 0 0 0 0 0 0 0 0 0 0 0 0 0 0 0 0 0 0 0 0 0 0 0 0 0 42 0 0 0 121 0 0 0 1 0 0 0 0 0 0 0 0 0 0 0 2 0 0 0 0 0 0 0 0 0 0 0 0 0 0 0 255 255 255 255 0 0 0 0 0 0 0 0 data 0 oops 0
ciMethodData org/apache/tomcat/util/net/AprEndpoint access$400 (Lorg/apache/tomcat/util/net/AprEndpoint;J)V 1 53 orig 264 104 147 196 116 0 0 0 0 168 107 97 24 0 0 0 0 64 1 0 0 0 0 0 0 0 0 0 0 0 0 0 0 0 0 0 0 0 0 0 0 0 0 0 0 0 0 0 0 0 0 0 0 0 0 0 0 0 0 0 0 0 0 0 0 0 0 0 0 0 0 0 0 0 0 0 0 0 0 0 0 77 68 79 32 101 120 116 114 97 32 100 97 116 97 32 108 111 99 107 0 0 0 0 0 0 0 0 0 0 0 0 0 0 0 0 0 0 0 0 0 0 0 0 0 0 0 0 0 0 0 0 0 0 0 0 0 0 0 0 0 0 0 0 0 0 0 0 0 0 0 0 0 0 0 0 0 0 0 0 0 0 0 0 0 0 0 0 0 0 0 0 0 0 0 0 0 0 0 0 0 0 0 0 0 0 0 0 0 0 0 0 0 0 0 0 0 0 0 0 0 0 0 0 0 0 0 0 0 0 0 0 0 0 0 0 0 38 0 0 0 121 0 0 0 1 0 0 0 0 0 0 0 0 0 0 0 2 0 0 0 0 0 0 0 0 0 0 0 16 0 0 0 255 255 255 255 2 0 2 0 0 0 0 0 data 2 0x20002 0xf oops 0
instanceKlass sun/util/locale/provider/CalendarNameProviderImpl$LengthBasedComparator
instanceKlass sun/util/locale/provider/CalendarDataUtility$CalendarFieldValueNamesMapGetter
instanceKlass java/text/CalendarBuilder
instanceKlass org/apache/tomcat/util/http/parser/Cookie$ByteBuffer
instanceKlass org/apache/tomcat/util/http/parser/Cookie
instanceKlass org/postgresql/util/ByteConverter
instanceKlass org/apache/ibatis/annotations/Param
instanceKlass com/fasterxml/jackson/core/io/NumberOutput
instanceKlass com/fasterxml/jackson/databind/ser/std/StdKeySerializers
instanceKlass com/fasterxml/jackson/databind/ser/std/NumberSerializers$1
instanceKlass com/fasterxml/jackson/databind/ser/BasicSerializerFactory$1
instanceKlass org/apache/ibatis/annotations/MapKey
instanceKlass java/lang/ProcessImpl$2
instanceKlass java/lang/Process
instanceKlass java/lang/ProcessBuilder
instanceKlass com/fasterxml/jackson/databind/deser/std/NumberDeserializers
instanceKlass org/springframework/jdbc/datasource/SimpleConnectionHandle
instanceKlass org/springframework/jdbc/datasource/ConnectionHandle
instanceKlass org/springframework/transaction/support/TransactionSynchronizationAdapter
instanceKlass org/springframework/transaction/support/ResourceHolderSupport
instanceKlass org/springframework/transaction/support/ResourceHolder
instanceKlass org/springframework/jdbc/datasource/JdbcTransactionObjectSupport
instanceKlass org/springframework/transaction/support/SmartTransactionObject
instanceKlass org/springframework/transaction/support/DelegatingTransactionDefinition
instanceKlass org/springframework/transaction/support/CallbackPreferringPlatformTransactionManager
instanceKlass org/apache/coyote/http11/Http11Processor$1
instanceKlass org/apache/tomcat/jni/File
instanceKlass java/util/concurrent/locks/ReentrantReadWriteLock$Sync$HoldCounter
instanceKlass com/fasterxml/jackson/core/io/JsonStringEncoder
instanceKlass com/fasterxml/jackson/databind/ser/impl/PropertySerializerMap$SerializerAndMapResult
instanceKlass com/fasterxml/jackson/annotation/JsonFilter
instanceKlass com/fasterxml/jackson/databind/annotation/JsonAppend
instanceKlass com/fasterxml/jackson/databind/ser/PropertyBuilder$1
instanceKlass com/fasterxml/jackson/databind/BeanProperty$Std
instanceKlass com/fasterxml/jackson/annotation/JsonTypeId
instanceKlass com/fasterxml/jackson/databind/introspect/POJOPropertyBuilder$3
instanceKlass com/fasterxml/jackson/annotation/JsonInclude
instanceKlass com/fasterxml/jackson/databind/ser/PropertyBuilder
instanceKlass com/fasterxml/jackson/databind/ser/BeanSerializerBuilder
instanceKlass com/fasterxml/jackson/databind/ObjectWriter$Prefetch
instanceKlass com/fasterxml/jackson/databind/ObjectWriter$GeneratorSettings
instanceKlass com/fasterxml/jackson/core/util/MinimalPrettyPrinter
instanceKlass org/springframework/util/TypeUtils
instanceKlass org/springframework/http/StreamingHttpOutputMessage
instanceKlass com/fasterxml/jackson/databind/ser/impl/PropertySerializerMap
instanceKlass com/fasterxml/jackson/databind/type/TypeBindings$AsKey
instanceKlass com/fasterxml/jackson/databind/type/TypeBindings$TypeParamStash
instanceKlass com/fasterxml/jackson/databind/util/TypeKey
instanceKlass com/fasterxml/jackson/databind/ser/impl/ReadOnlyClassToSerializerMap$Bucket
instanceKlass com/fasterxml/jackson/databind/ser/impl/ReadOnlyClassToSerializerMap
instanceKlass com/sun/activation/registries/MimeTypeEntry
instanceKlass javax/activation/SecuritySupport$2
instanceKlass javax/activation/SecuritySupport$3
instanceKlass javax/activation/SecuritySupport$1
instanceKlass javax/activation/SecuritySupport
instanceKlass com/sun/activation/registries/MimeTypeFile
instanceKlass com/sun/activation/registries/LogSupport
instanceKlass org/springframework/web/accept/PathExtensionContentNegotiationStrategy$ActivationMediaTypeFactory
instanceKlass org/springframework/web/servlet/mvc/method/annotation/StreamingResponseBody
instanceKlass org/springframework/web/context/request/async/WebAsyncTask
instanceKlass org/springframework/jdbc/datasource/SmartDataSource
instanceKlass java/util/concurrent/ConcurrentLinkedQueue$Itr
instanceKlass org/apache/ibatis/executor/loader/ResultLoaderMap
instanceKlass org/apache/ibatis/executor/result/DefaultResultContext
instanceKlass org/apache/ibatis/executor/result/DefaultResultHandler
instanceKlass org/postgresql/jdbc/PgResultSetMetaData
instanceKlass org/postgresql/PGResultSetMetaData
instanceKlass org/apache/ibatis/executor/resultset/ResultSetWrapper
instanceKlass org/postgresql/util/StreamWrapper
instanceKlass java/sql/RowId
instanceKlass java/sql/Ref
instanceKlass java/sql/SQLType
instanceKlass java/sql/ParameterMetaData
instanceKlass org/apache/ibatis/executor/keygen/Jdbc3KeyGenerator
instanceKlass java/sql/Struct
instanceKlass java/sql/NClob
instanceKlass org/apache/ibatis/logging/jdbc/BaseJdbcLogger
instanceKlass org/postgresql/jdbc/PgDatabaseMetaData
instanceKlass org/apache/commons/pool/impl/GenericKeyedObjectPool$ObjectTimestampPair
instanceKlass org/apache/commons/dbcp/PoolingDataSource
instanceKlass java/sql/ResultSetMetaData
instanceKlass org/postgresql/jdbc/PgResultSet
instanceKlass org/postgresql/PGRefCursorResultSet
instanceKlass org/postgresql/jdbc/FieldMetadata
instanceKlass org/postgresql/core/Field
instanceKlass org/postgresql/jdbc/ResultWrapper
instanceKlass org/postgresql/jdbc/PgStatement
instanceKlass org/postgresql/core/BaseStatement
instanceKlass org/postgresql/PGStatement
instanceKlass org/apache/commons/dbcp/AbandonedTrace
instanceKlass org/postgresql/util/PGobject
instanceKlass org/postgresql/util/PGBinaryObject
instanceKlass org/postgresql/jdbc/TypeInfoCache
instanceKlass org/postgresql/jdbc/PgConnection$1
instanceKlass org/postgresql/jdbc/TimestampUtils
instanceKlass org/postgresql/core/v3/ExecuteRequest
instanceKlass org/postgresql/core/v3/QueryExecutorImpl$4
instanceKlass org/postgresql/core/ResultHandlerBase
instanceKlass org/postgresql/core/SetupQueryRunner
instanceKlass org/postgresql/hostchooser/GlobalHostStatusTracker$HostSpecStatus
instanceKlass org/postgresql/hostchooser/GlobalHostStatusTracker
instanceKlass org/postgresql/replication/PGReplicationStream
instanceKlass org/postgresql/replication/fluent/CommonOptions
instanceKlass org/postgresql/core/v3/replication/V3ReplicationProtocol
instanceKlass org/postgresql/core/CachedQuery
instanceKlass org/postgresql/core/v3/SimpleParameterList
instanceKlass org/postgresql/core/v3/SimpleQuery
instanceKlass org/postgresql/core/SqlCommand
instanceKlass org/postgresql/core/NativeQuery
instanceKlass org/postgresql/core/Parser$1
instanceKlass org/postgresql/core/Parser
instanceKlass org/postgresql/core/BaseQueryKey
instanceKlass org/postgresql/core/QueryExecutorBase$1
instanceKlass org/postgresql/util/LruCache$2
instanceKlass org/postgresql/util/LruCache$1
instanceKlass org/postgresql/util/LruCache
instanceKlass org/postgresql/core/CachedQueryCreateAction
instanceKlass org/postgresql/core/Utils
instanceKlass org/postgresql/core/v3/Portal
instanceKlass org/postgresql/PGNotification
instanceKlass org/postgresql/copy/CopyDual
instanceKlass org/postgresql/copy/CopyOut
instanceKlass org/postgresql/copy/CopyIn
instanceKlass org/postgresql/core/v3/CopyOperationImpl
instanceKlass org/postgresql/copy/CopyOperation
instanceKlass org/postgresql/core/ResultCursor
instanceKlass org/postgresql/core/Query
instanceKlass org/postgresql/core/v3/V3ParameterList
instanceKlass org/postgresql/core/ParameterList
instanceKlass org/postgresql/core/ReplicationProtocol
instanceKlass org/postgresql/util/CanEstimateSize
instanceKlass org/postgresql/util/LruCache$CreateAction
instanceKlass org/postgresql/util/LruCache$EvictAction
instanceKlass org/postgresql/core/QueryExecutorBase
instanceKlass org/postgresql/util/MD5Digest
instanceKlass org/postgresql/core/ServerVersion$1
instanceKlass org/postgresql/core/Encoding
instanceKlass java/net/Socket$3
instanceKlass java/net/Socket$2
instanceKlass java/net/Proxy
instanceKlass sun/net/spi/DefaultProxySelector$3
instanceKlass sun/net/spi/DefaultProxySelector$NonProxyInfo
instanceKlass sun/net/NetProperties$1
instanceKlass sun/net/NetProperties
instanceKlass sun/net/spi/DefaultProxySelector$1
instanceKlass java/net/ProxySelector
instanceKlass java/net/SocksSocketImpl$3
instanceKlass org/postgresql/core/PGStream
instanceKlass org/postgresql/hostchooser/SingleHostChooser
instanceKlass org/postgresql/hostchooser/HostChooser
instanceKlass org/postgresql/hostchooser/HostChooserFactory
instanceKlass javax/net/SocketFactory
instanceKlass org/postgresql/core/SocketFactoryFactory
instanceKlass org/postgresql/core/QueryExecutor
instanceKlass org/postgresql/core/v3/TypeTransferModeRegistry
instanceKlass org/postgresql/core/ConnectionFactory
instanceKlass org/postgresql/util/HostSpec
instanceKlass java/sql/Savepoint
instanceKlass java/sql/CallableStatement
instanceKlass java/sql/DatabaseMetaData
instanceKlass java/sql/PreparedStatement
instanceKlass org/postgresql/core/TypeInfo
instanceKlass java/sql/Blob
instanceKlass java/sql/SQLXML
instanceKlass java/sql/Clob
instanceKlass org/postgresql/replication/PGReplicationConnection
instanceKlass org/postgresql/core/ResultHandler
instanceKlass java/sql/Array
instanceKlass org/postgresql/core/Provider
instanceKlass org/postgresql/core/Version
instanceKlass org/postgresql/jdbc/PgConnection
instanceKlass org/postgresql/core/BaseConnection
instanceKlass org/postgresql/PGConnection
instanceKlass org/postgresql/Driver$1
instanceKlass org/apache/commons/pool/KeyedPoolableObjectFactory
instanceKlass org/apache/commons/dbcp/DriverConnectionFactory
instanceKlass java/util/Timer$1
instanceKlass java/util/TaskQueue
instanceKlass java/util/Timer
instanceKlass java/util/TimerTask
instanceKlass java/net/URLEncoder
instanceKlass java/net/URLDecoder
instanceKlass java/sql/DriverInfo
instanceKlass org/postgresql/util/SharedTimer
instanceKlass org/postgresql/Driver
instanceKlass org/springframework/jdbc/datasource/DataSourceUtils
instanceKlass org/apache/ibatis/executor/resultset/DefaultResultSetHandler
instanceKlass org/apache/ibatis/executor/resultset/ResultSetHandler
instanceKlass org/apache/ibatis/scripting/defaults/DefaultParameterHandler
instanceKlass java/sql/Statement
instanceKlass org/apache/ibatis/executor/statement/BaseStatementHandler
instanceKlass org/apache/ibatis/executor/statement/RoutingStatementHandler$1
instanceKlass org/apache/ibatis/executor/statement/RoutingStatementHandler
instanceKlass org/apache/ibatis/executor/statement/StatementHandler
instanceKlass org/apache/ibatis/cache/CacheKey
instanceKlass org/apache/ibatis/mapping/BoundSql
instanceKlass org/apache/ibatis/reflection/SystemMetaObject$NullObject
instanceKlass org/apache/ibatis/reflection/SystemMetaObject
instanceKlass org/apache/ibatis/type/SimpleTypeRegistry
instanceKlass org/apache/ibatis/scripting/xmltags/TextSqlNode$BindingTokenParser
instanceKlass org/apache/ibatis/scripting/xmltags/ForEachSqlNode$FilteredDynamicContext$1
instanceKlass org/apache/ibatis/ognl/OgnlOps
instanceKlass org/apache/ibatis/ognl/DefaultMemberAccess
instanceKlass org/apache/ibatis/ognl/DefaultTypeConverter
instanceKlass org/apache/ibatis/ognl/DefaultClassResolver
instanceKlass org/apache/ibatis/ognl/MemberAccess
instanceKlass org/apache/ibatis/ognl/TypeConverter
instanceKlass org/apache/ibatis/ognl/ClassResolver
instanceKlass org/apache/ibatis/ognl/OgnlContext
instanceKlass org/apache/ibatis/ognl/Ognl
instanceKlass org/apache/ibatis/ognl/Token
instanceKlass org/apache/ibatis/ognl/OgnlParserTokenManager
instanceKlass org/apache/ibatis/ognl/JavaCharStream
instanceKlass org/apache/ibatis/ognl/OgnlParser$JJCalls
instanceKlass org/apache/ibatis/ognl/JJTOgnlParserState
instanceKlass org/apache/ibatis/ognl/SimpleNode
instanceKlass org/apache/ibatis/ognl/Node
instanceKlass org/apache/ibatis/ognl/OgnlParser
instanceKlass org/apache/ibatis/ognl/OgnlParserConstants
instanceKlass org/apache/ibatis/ognl/OgnlParserTreeConstants
instanceKlass org/apache/ibatis/scripting/xmltags/OgnlCache
instanceKlass org/apache/ibatis/session/ResultContext
instanceKlass org/apache/ibatis/session/defaults/DefaultSqlSession
instanceKlass org/apache/ibatis/cache/TransactionalCacheManager
instanceKlass org/apache/ibatis/executor/CachingExecutor
instanceKlass org/apache/ibatis/executor/BaseExecutor
instanceKlass org/mybatis/spring/transaction/SpringManagedTransaction
instanceKlass org/springframework/transaction/support/TransactionSynchronizationUtils$ScopedProxyUnwrapper
instanceKlass org/springframework/core/InfrastructureProxy
instanceKlass org/springframework/transaction/support/TransactionSynchronizationUtils
instanceKlass org/springframework/transaction/support/TransactionSynchronizationManager
instanceKlass org/springframework/transaction/support/TransactionSynchronization
instanceKlass org/mybatis/spring/SqlSessionUtils
instanceKlass org/apache/ibatis/binding/MapperMethod$MethodSignature
instanceKlass org/apache/ibatis/binding/MapperMethod$SqlCommand
instanceKlass org/apache/ibatis/binding/MapperMethod
instanceKlass cn/easyuse/ssm/util/DynamicDataSourceHolder
instanceKlass org/springframework/aop/aspectj/MethodInvocationProceedingJoinPoint$MethodSignatureImpl
instanceKlass org/aspectj/lang/reflect/MethodSignature
instanceKlass org/aspectj/lang/reflect/CodeSignature
instanceKlass org/aspectj/lang/reflect/MemberSignature
instanceKlass org/aspectj/lang/reflect/SourceLocation
instanceKlass org/aspectj/lang/Signature
instanceKlass org/springframework/aop/aspectj/MethodInvocationProceedingJoinPoint
instanceKlass org/aspectj/lang/JoinPoint$StaticPart
instanceKlass org/aspectj/lang/ProceedingJoinPoint
instanceKlass org/springframework/aop/framework/adapter/MethodBeforeAdviceInterceptor
instanceKlass org/springframework/util/PatternMatchUtils
instanceKlass org/springframework/transaction/interceptor/TransactionInterceptor$1
instanceKlass org/springframework/aop/framework/InterceptorAndDynamicMethodMatcher
instanceKlass org/springframework/aop/framework/ReflectiveMethodInvocation
instanceKlass org/springframework/aop/ThrowsAdvice
instanceKlass org/springframework/aop/framework/AdvisedSupport$MethodCacheKey
instanceKlass org/springframework/validation/MessageCodeFormatter
instanceKlass org/springframework/validation/DefaultMessageCodesResolver
instanceKlass org/springframework/validation/annotation/Validated
instanceKlass org/springframework/context/support/DefaultMessageSourceResolvable
instanceKlass org/springframework/validation/DefaultBindingErrorProcessor
instanceKlass org/springframework/validation/AbstractErrors
instanceKlass com/fasterxml/jackson/databind/util/LinkedNode
instanceKlass com/fasterxml/jackson/core/util/TextBuffer
instanceKlass com/fasterxml/jackson/core/io/CharTypes
instanceKlass com/fasterxml/jackson/core/JsonStreamContext
